0 info it worked if it ends with ok
1 verbose cli [ '/usr/local/bin/node',
1 verbose cli   '/usr/local/bin/npm',
1 verbose cli   'run',
1 verbose cli   'start-server' ]
2 info using npm@3.3.12
3 info using node@v5.2.0
4 verbose run-script [ 'prestart-server', 'start-server', 'poststart-server' ]
5 info lifecycle ambivalent-acacia@1.0.0~prestart-server: ambivalent-acacia@1.0.0
6 silly lifecycle ambivalent-acacia@1.0.0~prestart-server: no script for prestart-server, continuing
7 info lifecycle ambivalent-acacia@1.0.0~start-server: ambivalent-acacia@1.0.0
8 verbose lifecycle ambivalent-acacia@1.0.0~start-server: unsafe-perm in lifecycle true
9 verbose lifecycle ambivalent-acacia@1.0.0~start-server: PATH: /usr/local/lib/node_modules/npm/bin/node-gyp-bin:/Users/krisalbert/Documents/HackReactor/ambivalent-acacia/node_modules/.bin:/usr/local/bin:/usr/bin:/bin:/usr/sbin:/sbin:/usr/local/git/bin
10 verbose lifecycle ambivalent-acacia@1.0.0~start-server: CWD: /Users/krisalbert/Documents/HackReactor/ambivalent-acacia
11 silly lifecycle ambivalent-acacia@1.0.0~start-server: Args: [ '-c', 'babel-node server/server.js' ]
12 silly lifecycle ambivalent-acacia@1.0.0~start-server: Returned: code: 1  signal: null
13 info lifecycle ambivalent-acacia@1.0.0~start-server: Failed to exec start-server script
14 verbose stack Error: ambivalent-acacia@1.0.0 start-server: `babel-node server/server.js`
14 verbose stack Exit status 1
14 verbose stack     at EventEmitter.<anonymous> (/usr/local/lib/node_modules/npm/lib/utils/lifecycle.js:232:16)
14 verbose stack     at emitTwo (events.js:88:13)
14 verbose stack     at EventEmitter.emit (events.js:173:7)
14 verbose stack     at ChildProcess.<anonymous> (/usr/local/lib/node_modules/npm/lib/utils/spawn.js:24:14)
14 verbose stack     at emitTwo (events.js:88:13)
14 verbose stack     at ChildProcess.emit (events.js:173:7)
14 verbose stack     at maybeClose (internal/child_process.js:819:16)
14 verbose stack     at Process.ChildProcess._handle.onexit (internal/child_process.js:212:5)
15 verbose pkgid ambivalent-acacia@1.0.0
16 verbose cwd /Users/krisalbert/Documents/HackReactor/ambivalent-acacia
17 error Darwin 15.0.0
18 error argv "/usr/local/bin/node" "/usr/local/bin/npm" "run" "start-server"
19 error node v5.2.0
20 error npm  v3.3.12
21 error code ELIFECYCLE
22 error ambivalent-acacia@1.0.0 start-server: `babel-node server/server.js`
22 error Exit status 1
23 error Failed at the ambivalent-acacia@1.0.0 start-server script 'babel-node server/server.js'.
23 error Make sure you have the latest version of node.js and npm installed.
23 error If you do, this is most likely a problem with the ambivalent-acacia package,
23 error not with npm itself.
23 error Tell the author that this fails on your system:
23 error     babel-node server/server.js
23 error You can get their info via:
23 error     npm owner ls ambivalent-acacia
23 error There is likely additional logging output above.
24 verbose exit [ 1, true ]
